Analysis & Synthesis report for main
Fri Oct 11 16:53:44 2019
Quartus II 64-Bit Version 13.0.1 Build 232 06/12/2013 Service Pack 1 SJ Web Edition


---------------------
; Table of Contents ;
---------------------
  1. Legal Notice
  2. Analysis & Synthesis Summary
  3. Analysis & Synthesis Settings
  4. Parallel Compilation
  5. Analysis & Synthesis Source Files Read
  6. Analysis & Synthesis Resource Usage Summary
  7. Analysis & Synthesis Resource Utilization by Entity
  8. State Machine - |main|LCD_DISPLAY_nty:a8|next_command
  9. State Machine - |main|LCD_DISPLAY_nty:a8|state
 10. User-Specified and Inferred Latches
 11. Registers Removed During Synthesis
 12. Removed Registers Triggering Further Register Optimizations
 13. General Register Statistics
 14. Inverted Register Statistics
 15. Multiplexer Restructuring Statistics (Restructuring Performed)
 16. Port Connectivity Checks: "disp:a7"
 17. Port Connectivity Checks: "disp:a6"
 18. Port Connectivity Checks: "disp:a5"
 19. Port Connectivity Checks: "disp:a4"
 20. Elapsed Time Per Partition
 21. Analysis & Synthesis Messages



----------------
; Legal Notice ;
----------------
Copyright (C) 1991-2013 Altera Corporation
Your use of Altera Corporation's design tools, logic functions 
and other software and tools, and its AMPP partner logic 
functions, and any output files from any of the foregoing 
(including device programming or simulation files), and any 
associated documentation or information are expressly subject 
to the terms and conditions of the Altera Program License 
Subscription Agreement, Altera MegaCore Function License 
Agreement, or other applicable license agreement, including, 
without limitation, that your use is for the sole purpose of 
programming logic devices manufactured by Altera and sold by 
Altera or its authorized distributors.  Please refer to the 
applicable agreement for further details.



+--------------------------------------------------------------------------------------+
; Analysis & Synthesis Summary                                                         ;
+------------------------------------+-------------------------------------------------+
; Analysis & Synthesis Status        ; Successful - Fri Oct 11 16:53:43 2019           ;
; Quartus II 64-Bit Version          ; 13.0.1 Build 232 06/12/2013 SP 1 SJ Web Edition ;
; Revision Name                      ; main                                            ;
; Top-level Entity Name              ; main                                            ;
; Family                             ; Cyclone II                                      ;
; Total logic elements               ; 278                                             ;
;     Total combinational functions  ; 276                                             ;
;     Dedicated logic registers      ; 101                                             ;
; Total registers                    ; 101                                             ;
; Total pins                         ; 121                                             ;
; Total virtual pins                 ; 0                                               ;
; Total memory bits                  ; 0                                               ;
; Embedded Multiplier 9-bit elements ; 0                                               ;
; Total PLLs                         ; 0                                               ;
+------------------------------------+-------------------------------------------------+


+----------------------------------------------------------------------------------------------------------------------+
; Analysis & Synthesis Settings                                                                                        ;
+----------------------------------------------------------------------------+--------------------+--------------------+
; Option                                                                     ; Setting            ; Default Value      ;
+----------------------------------------------------------------------------+--------------------+--------------------+
; Device                                                                     ; EP2C35F672C6       ;                    ;
; Top-level entity name                                                      ; main               ; main               ;
; Family name                                                                ; Cyclone II         ; Cyclone IV GX      ;
; Use smart compilation                                                      ; Off                ; Off                ;
; Enable parallel Assembler and TimeQuest Timing Analyzer during compilation ; On                 ; On                 ;
; Enable compact report table                                                ; Off                ; Off                ;
; Restructure Multiplexers                                                   ; Auto               ; Auto               ;
; Create Debugging Nodes for IP Cores                                        ; Off                ; Off                ;
; Preserve fewer node names                                                  ; On                 ; On                 ;
; Disable OpenCore Plus hardware evaluation                                  ; Off                ; Off                ;
; Verilog Version                                                            ; Verilog_2001       ; Verilog_2001       ;
; VHDL Version                                                               ; VHDL_1993          ; VHDL_1993          ;
; State Machine Processing                                                   ; Auto               ; Auto               ;
; Safe State Machine                                                         ; Off                ; Off                ;
; Extract Verilog State Machines                                             ; On                 ; On                 ;
; Extract VHDL State Machines                                                ; On                 ; On                 ;
; Ignore Verilog initial constructs                                          ; Off                ; Off                ;
; Iteration limit for constant Verilog loops                                 ; 5000               ; 5000               ;
; Iteration limit for non-constant Verilog loops                             ; 250                ; 250                ;
; Add Pass-Through Logic to Inferred RAMs                                    ; On                 ; On                 ;
; Infer RAMs from Raw Logic                                                  ; On                 ; On                 ;
; Parallel Synthesis                                                         ; On                 ; On                 ;
; DSP Block Balancing                                                        ; Auto               ; Auto               ;
; NOT Gate Push-Back                                                         ; On                 ; On                 ;
; Power-Up Don't Care                                                        ; On                 ; On                 ;
; Remove Redundant Logic Cells                                               ; Off                ; Off                ;
; Remove Duplicate Registers                                                 ; On                 ; On                 ;
; Ignore CARRY Buffers                                                       ; Off                ; Off                ;
; Ignore CASCADE Buffers                                                     ; Off                ; Off                ;
; Ignore GLOBAL Buffers                                                      ; Off                ; Off                ;
; Ignore ROW GLOBAL Buffers                                                  ; Off                ; Off                ;
; Ignore LCELL Buffers                                                       ; Off                ; Off                ;
; Ignore SOFT Buffers                                                        ; On                 ; On                 ;
; Limit AHDL Integers to 32 Bits                                             ; Off                ; Off                ;
; Optimization Technique                                                     ; Balanced           ; Balanced           ;
; Carry Chain Length                                                         ; 70                 ; 70                 ;
; Auto Carry Chains                                                          ; On                 ; On                 ;
; Auto Open-Drain Pins                                                       ; On                 ; On                 ;
; Perform WYSIWYG Primitive Resynthesis                                      ; Off                ; Off                ;
; Auto ROM Replacement                                                       ; On                 ; On                 ;
; Auto RAM Replacement                                                       ; On                 ; On                 ;
; Auto Shift Register Replacement                                            ; Auto               ; Auto               ;
; Allow Shift Register Merging across Hierarchies                            ; Auto               ; Auto               ;
; Auto Clock Enable Replacement                                              ; On                 ; On                 ;
; Strict RAM Replacement                                                     ; Off                ; Off                ;
; Allow Synchronous Control Signals                                          ; On                 ; On                 ;
; Force Use of Synchronous Clear Signals                                     ; Off                ; Off                ;
; Auto RAM to Logic Cell Conversion                                          ; Off                ; Off                ;
; Auto Resource Sharing                                                      ; Off                ; Off                ;
; Allow Any RAM Size For Recognition                                         ; Off                ; Off                ;
; Allow Any ROM Size For Recognition                                         ; Off                ; Off                ;
; Allow Any Shift Register Size For Recognition                              ; Off                ; Off                ;
; Use LogicLock Constraints during Resource Balancing                        ; On                 ; On                 ;
; Ignore translate_off and synthesis_off directives                          ; Off                ; Off                ;
; Timing-Driven Synthesis                                                    ; Off                ; Off                ;
; Report Parameter Settings                                                  ; On                 ; On                 ;
; Report Source Assignments                                                  ; On                 ; On                 ;
; Report Connectivity Checks                                                 ; On                 ; On                 ;
; Ignore Maximum Fan-Out Assignments                                         ; Off                ; Off                ;
; Synchronization Register Chain Length                                      ; 2                  ; 2                  ;
; PowerPlay Power Optimization                                               ; Normal compilation ; Normal compilation ;
; HDL message level                                                          ; Level2             ; Level2             ;
; Suppress Register Optimization Related Messages                            ; Off                ; Off                ;
; Number of Removed Registers Reported in Synthesis Report                   ; 5000               ; 5000               ;
; Number of Swept Nodes Reported in Synthesis Report                         ; 5000               ; 5000               ;
; Number of Inverted Registers Reported in Synthesis Report                  ; 100                ; 100                ;
; Clock MUX Protection                                                       ; On                 ; On                 ;
; Auto Gated Clock Conversion                                                ; Off                ; Off                ;
; Block Design Naming                                                        ; Auto               ; Auto               ;
; SDC constraint protection                                                  ; Off                ; Off                ;
; Synthesis Effort                                                           ; Auto               ; Auto               ;
; Shift Register Replacement - Allow Asynchronous Clear Signal               ; On                 ; On                 ;
; Pre-Mapping Resynthesis Optimization                                       ; Off                ; Off                ;
; Analysis & Synthesis Message Level                                         ; Medium             ; Medium             ;
; Disable Register Merging Across Hierarchies                                ; Auto               ; Auto               ;
; Resource Aware Inference For Block RAM                                     ; On                 ; On                 ;
; Synthesis Seed                                                             ; 1                  ; 1                  ;
+----------------------------------------------------------------------------+--------------------+--------------------+


Parallel compilation was disabled, but you have multiple processors available. Enable parallel compilation to reduce compilation time.
+-------------------------------------+
; Parallel Compilation                ;
+----------------------------+--------+
; Processors                 ; Number ;
+----------------------------+--------+
; Number detected on machine ; 4      ;
; Maximum allowed            ; 1      ;
+----------------------------+--------+


+-----------------------------------------------------------------------------------------------------------------------------------------------------------------------------------------------------------------------+
; Analysis & Synthesis Source Files Read                                                                                                                                                                                ;
+----------------------------------+-----------------+-----------------------+--------------------------------------------------------------------------------------------------------------------------------+---------+
; File Name with User-Entered Path ; Used in Netlist ; File Type             ; File Name with Absolute Path                                                                                                   ; Library ;
+----------------------------------+-----------------+-----------------------+--------------------------------------------------------------------------------------------------------------------------------+---------+
; main.vhd                         ; yes             ; User VHDL File        ; C:/Users/yunio/OneDrive/Área de Trabalho/Sistemas Logicos Program/Projeto_VHDL_Yunior_GrupoX/Codec_pj1_SLP/main.vhd            ;         ;
; disp.vhd                         ; yes             ; Auto-Found VHDL File  ; C:/Users/yunio/OneDrive/Área de Trabalho/Sistemas Logicos Program/Projeto_VHDL_Yunior_GrupoX/Codec_pj1_SLP/disp.vhd            ;         ;
; lcd_display_nty.vhd              ; yes             ; Auto-Found VHDL File  ; C:/Users/yunio/OneDrive/Área de Trabalho/Sistemas Logicos Program/Projeto_VHDL_Yunior_GrupoX/Codec_pj1_SLP/lcd_display_nty.vhd ;         ;
+----------------------------------+-----------------+-----------------------+--------------------------------------------------------------------------------------------------------------------------------+---------+


+--------------------------------------------------------+
; Analysis & Synthesis Resource Usage Summary            ;
+---------------------------------------------+----------+
; Resource                                    ; Usage    ;
+---------------------------------------------+----------+
; Estimated Total logic elements              ; 278      ;
;                                             ;          ;
; Total combinational functions               ; 276      ;
; Logic element usage by number of LUT inputs ;          ;
;     -- 4 input functions                    ; 138      ;
;     -- 3 input functions                    ; 48       ;
;     -- <=2 input functions                  ; 90       ;
;                                             ;          ;
; Logic elements by mode                      ;          ;
;     -- normal mode                          ; 229      ;
;     -- arithmetic mode                      ; 47       ;
;                                             ;          ;
; Total registers                             ; 101      ;
;     -- Dedicated logic registers            ; 101      ;
;     -- I/O registers                        ; 0        ;
;                                             ;          ;
; I/O pins                                    ; 121      ;
; Embedded Multiplier 9-bit elements          ; 0        ;
; Maximum fan-out node                        ; CLOCK_50 ;
; Maximum fan-out                             ; 59       ;
; Total fan-out                               ; 1255     ;
; Average fan-out                             ; 2.52     ;
+---------------------------------------------+----------+


+----------------------------------------------------------------------------------------------------------------------------------------------------------------------------------+
; Analysis & Synthesis Resource Utilization by Entity                                                                                                                              ;
+----------------------------+-------------------+--------------+-------------+--------------+---------+-----------+------+--------------+--------------------------+--------------+
; Compilation Hierarchy Node ; LC Combinationals ; LC Registers ; Memory Bits ; DSP Elements ; DSP 9x9 ; DSP 18x18 ; Pins ; Virtual Pins ; Full Hierarchy Name      ; Library Name ;
+----------------------------+-------------------+--------------+-------------+--------------+---------+-----------+------+--------------+--------------------------+--------------+
; |main                      ; 276 (123)         ; 101 (42)     ; 0           ; 0            ; 0       ; 0         ; 121  ; 0            ; |main                    ; work         ;
;    |LCD_DISPLAY_nty:a8|    ; 125 (125)         ; 59 (59)      ; 0           ; 0            ; 0       ; 0         ; 0    ; 0            ; |main|LCD_DISPLAY_nty:a8 ; work         ;
;    |disp:a0|               ; 7 (7)             ; 0 (0)        ; 0           ; 0            ; 0       ; 0         ; 0    ; 0            ; |main|disp:a0            ; work         ;
;    |disp:a1|               ; 7 (7)             ; 0 (0)        ; 0           ; 0            ; 0       ; 0         ; 0    ; 0            ; |main|disp:a1            ; work         ;
;    |disp:a2|               ; 7 (7)             ; 0 (0)        ; 0           ; 0            ; 0       ; 0         ; 0    ; 0            ; |main|disp:a2            ; work         ;
;    |disp:a3|               ; 7 (7)             ; 0 (0)        ; 0           ; 0            ; 0       ; 0         ; 0    ; 0            ; |main|disp:a3            ; work         ;
+----------------------------+-------------------+--------------+-------------+--------------+---------+-----------+------+--------------+--------------------------+--------------+
Note: For table entries with two numbers listed, the numbers in parentheses indicate the number of resources of the given type used by the specific entity alone. The numbers listed outside of parentheses indicate the total resources of the given type used by the specific entity and all of its sub-entities in the hierarchy.


Encoding Type:  One-Hot
+----------------------------------------------------------------------------------------------------------------------------------------------------------------------------------------------------------------------------------------------------------------------------------------------------------------------------------------------------------+
; State Machine - |main|LCD_DISPLAY_nty:a8|next_command                                                                                                                                                                                                                                                                                                    ;
+----------------------------+----------------------------+--------------------------+---------------------+-------------------+---------------------+-------------------------+--------------------------+--------------------+---------------------------+-----------------------+-------------------------+-----------------------+---------------------+
; Name                       ; next_command.display_clear ; next_command.display_off ; next_command.reset3 ; next_command.hold ; next_command.reset1 ; next_command.drop_lcd_e ; next_command.return_home ; next_command.line2 ; next_command.print_string ; next_command.mode_set ; next_command.display_on ; next_command.func_set ; next_command.reset2 ;
+----------------------------+----------------------------+--------------------------+---------------------+-------------------+---------------------+-------------------------+--------------------------+--------------------+---------------------------+-----------------------+-------------------------+-----------------------+---------------------+
; next_command.reset2        ; 0                          ; 0                        ; 0                   ; 0                 ; 0                   ; 0                       ; 0                        ; 0                  ; 0                         ; 0                     ; 0                       ; 0                     ; 0                   ;
; next_command.func_set      ; 0                          ; 0                        ; 0                   ; 0                 ; 0                   ; 0                       ; 0                        ; 0                  ; 0                         ; 0                     ; 0                       ; 1                     ; 1                   ;
; next_command.display_on    ; 0                          ; 0                        ; 0                   ; 0                 ; 0                   ; 0                       ; 0                        ; 0                  ; 0                         ; 0                     ; 1                       ; 0                     ; 1                   ;
; next_command.mode_set      ; 0                          ; 0                        ; 0                   ; 0                 ; 0                   ; 0                       ; 0                        ; 0                  ; 0                         ; 1                     ; 0                       ; 0                     ; 1                   ;
; next_command.print_string  ; 0                          ; 0                        ; 0                   ; 0                 ; 0                   ; 0                       ; 0                        ; 0                  ; 1                         ; 0                     ; 0                       ; 0                     ; 1                   ;
; next_command.line2         ; 0                          ; 0                        ; 0                   ; 0                 ; 0                   ; 0                       ; 0                        ; 1                  ; 0                         ; 0                     ; 0                       ; 0                     ; 1                   ;
; next_command.return_home   ; 0                          ; 0                        ; 0                   ; 0                 ; 0                   ; 0                       ; 1                        ; 0                  ; 0                         ; 0                     ; 0                       ; 0                     ; 1                   ;
; next_command.drop_lcd_e    ; 0                          ; 0                        ; 0                   ; 0                 ; 0                   ; 1                       ; 0                        ; 0                  ; 0                         ; 0                     ; 0                       ; 0                     ; 1                   ;
; next_command.reset1        ; 0                          ; 0                        ; 0                   ; 0                 ; 1                   ; 0                       ; 0                        ; 0                  ; 0                         ; 0                     ; 0                       ; 0                     ; 1                   ;
; next_command.hold          ; 0                          ; 0                        ; 0                   ; 1                 ; 0                   ; 0                       ; 0                        ; 0                  ; 0                         ; 0                     ; 0                       ; 0                     ; 1                   ;
; next_command.reset3        ; 0                          ; 0                        ; 1                   ; 0                 ; 0                   ; 0                       ; 0                        ; 0                  ; 0                         ; 0                     ; 0                       ; 0                     ; 1                   ;
; next_command.display_off   ; 0                          ; 1                        ; 0                   ; 0                 ; 0                   ; 0                       ; 0                        ; 0                  ; 0                         ; 0                     ; 0                       ; 0                     ; 1                   ;
; next_command.display_clear ; 1                          ; 0                        ; 0                   ; 0                 ; 0                   ; 0                       ; 0                        ; 0                  ; 0                         ; 0                     ; 0                       ; 0                     ; 1                   ;
+----------------------------+----------------------------+--------------------------+---------------------+-------------------+---------------------+-------------------------+--------------------------+--------------------+---------------------------+-----------------------+-------------------------+-----------------------+---------------------+


Encoding Type:  One-Hot
+--------------------------------------------------------------------------------------------------------------------------------------------------------------------------------------------------------------------------------------------------------+
; State Machine - |main|LCD_DISPLAY_nty:a8|state                                                                                                                                                                                                         ;
+---------------------+---------------------+-------------------+--------------+--------------+------------+------------------+-------------------+-------------+--------------------+----------------+------------------+----------------+--------------+
; Name                ; state.display_clear ; state.display_off ; state.reset3 ; state.reset2 ; state.hold ; state.drop_lcd_e ; state.return_home ; state.line2 ; state.print_string ; state.mode_set ; state.display_on ; state.func_set ; state.reset1 ;
+---------------------+---------------------+-------------------+--------------+--------------+------------+------------------+-------------------+-------------+--------------------+----------------+------------------+----------------+--------------+
; state.reset1        ; 0                   ; 0                 ; 0            ; 0            ; 0          ; 0                ; 0                 ; 0           ; 0                  ; 0              ; 0                ; 0              ; 0            ;
; state.func_set      ; 0                   ; 0                 ; 0            ; 0            ; 0          ; 0                ; 0                 ; 0           ; 0                  ; 0              ; 0                ; 1              ; 1            ;
; state.display_on    ; 0                   ; 0                 ; 0            ; 0            ; 0          ; 0                ; 0                 ; 0           ; 0                  ; 0              ; 1                ; 0              ; 1            ;
; state.mode_set      ; 0                   ; 0                 ; 0            ; 0            ; 0          ; 0                ; 0                 ; 0           ; 0                  ; 1              ; 0                ; 0              ; 1            ;
; state.print_string  ; 0                   ; 0                 ; 0            ; 0            ; 0          ; 0                ; 0                 ; 0           ; 1                  ; 0              ; 0                ; 0              ; 1            ;
; state.line2         ; 0                   ; 0                 ; 0            ; 0            ; 0          ; 0                ; 0                 ; 1           ; 0                  ; 0              ; 0                ; 0              ; 1            ;
; state.return_home   ; 0                   ; 0                 ; 0            ; 0            ; 0          ; 0                ; 1                 ; 0           ; 0                  ; 0              ; 0                ; 0              ; 1            ;
; state.drop_lcd_e    ; 0                   ; 0                 ; 0            ; 0            ; 0          ; 1                ; 0                 ; 0           ; 0                  ; 0              ; 0                ; 0              ; 1            ;
; state.hold          ; 0                   ; 0                 ; 0            ; 0            ; 1          ; 0                ; 0                 ; 0           ; 0                  ; 0              ; 0                ; 0              ; 1            ;
; state.reset2        ; 0                   ; 0                 ; 0            ; 1            ; 0          ; 0                ; 0                 ; 0           ; 0                  ; 0              ; 0                ; 0              ; 1            ;
; state.reset3        ; 0                   ; 0                 ; 1            ; 0            ; 0          ; 0                ; 0                 ; 0           ; 0                  ; 0              ; 0                ; 0              ; 1            ;
; state.display_off   ; 0                   ; 1                 ; 0            ; 0            ; 0          ; 0                ; 0                 ; 0           ; 0                  ; 0              ; 0                ; 0              ; 1            ;
; state.display_clear ; 1                   ; 0                 ; 0            ; 0            ; 0          ; 0                ; 0                 ; 0           ; 0                  ; 0              ; 0                ; 0              ; 1            ;
+---------------------+---------------------+-------------------+--------------+--------------+------------+------------------+-------------------+-------------+--------------------+----------------+------------------+----------------+--------------+


+----------------------------------------------------------------------------------------------------+
; User-Specified and Inferred Latches                                                                ;
+-----------------------------------------------------+---------------------+------------------------+
; Latch Name                                          ; Latch Enable Signal ; Free of Timing Hazards ;
+-----------------------------------------------------+---------------------+------------------------+
; LEDG[0]$latch                                       ; LEDG[8]             ; yes                    ;
; LEDG[1]$latch                                       ; LEDG[8]             ; yes                    ;
; LEDG[2]$latch                                       ; LEDG[8]             ; yes                    ;
; LEDG[3]$latch                                       ; LEDG[8]             ; yes                    ;
; LEDG[4]$latch                                       ; LEDG[8]             ; yes                    ;
; LEDG[5]$latch                                       ; LEDG[8]             ; yes                    ;
; LEDG[6]$latch                                       ; LEDG[8]             ; yes                    ;
; LEDG[7]$latch                                       ; LEDG[8]             ; yes                    ;
; LEDG[8]$latch                                       ; LEDG[8]             ; yes                    ;
; int[0]                                              ; aa                  ; yes                    ;
; int[1]                                              ; aa                  ; yes                    ;
; int[2]                                              ; aa                  ; yes                    ;
; int[3]                                              ; aa                  ; yes                    ;
; int1[0]                                             ; aa                  ; yes                    ;
; int1[1]                                             ; aa                  ; yes                    ;
; int1[2]                                             ; aa                  ; yes                    ;
; int1[3]                                             ; aa                  ; yes                    ;
; int2[0]                                             ; aa                  ; yes                    ;
; int2[1]                                             ; aa                  ; yes                    ;
; int2[2]                                             ; aa                  ; yes                    ;
; int2[3]                                             ; aa                  ; yes                    ;
; int3[0]                                             ; aa                  ; yes                    ;
; int3[1]                                             ; aa                  ; yes                    ;
; int3[2]                                             ; aa                  ; yes                    ;
; int3[3]                                             ; aa                  ; yes                    ;
; aa                                                  ; aa                  ; yes                    ;
; ii                                                  ; LEDG[8]             ; yes                    ;
; Number of user-specified and inferred latches = 27  ;                     ;                        ;
+-----------------------------------------------------+---------------------+------------------------+
Note: All latches listed above may not be present at the end of synthesis due to various synthesis optimizations.


+-----------------------------------------------------------------------------------------------------+
; Registers Removed During Synthesis                                                                  ;
+--------------------------------------------+--------------------------------------------------------+
; Register name                              ; Reason for Removal                                     ;
+--------------------------------------------+--------------------------------------------------------+
; LCD_DISPLAY_nty:a8|lcd_on                  ; Stuck at VCC due to stuck port data_in                 ;
; LCD_DISPLAY_nty:a8|lcd_rw_int              ; Stuck at GND due to stuck port data_in                 ;
; LCD_DISPLAY_nty:a8|lcd_blon                ; Stuck at VCC due to stuck port data_in                 ;
; LCD_DISPLAY_nty:a8|next_command.hold       ; Merged with LCD_DISPLAY_nty:a8|next_command.drop_lcd_e ;
; LCD_DISPLAY_nty:a8|next_command.reset1     ; Merged with LCD_DISPLAY_nty:a8|next_command.drop_lcd_e ;
; LCD_DISPLAY_nty:a8|next_command.drop_lcd_e ; Stuck at GND due to stuck port data_in                 ;
; Total Number of Removed Registers = 6      ;                                                        ;
+--------------------------------------------+--------------------------------------------------------+


+----------------------------------------------------------------------------------------------------+
; Removed Registers Triggering Further Register Optimizations                                        ;
+-------------------------------+---------------------------+----------------------------------------+
; Register name                 ; Reason for Removal        ; Registers Removed due to This Register ;
+-------------------------------+---------------------------+----------------------------------------+
; LCD_DISPLAY_nty:a8|lcd_rw_int ; Stuck at GND              ; LCD_DISPLAY_nty:a8|lcd_blon            ;
;                               ; due to stuck port data_in ;                                        ;
+-------------------------------+---------------------------+----------------------------------------+


+------------------------------------------------------+
; General Register Statistics                          ;
+----------------------------------------------+-------+
; Statistic                                    ; Value ;
+----------------------------------------------+-------+
; Total registers                              ; 101   ;
; Number of registers using Synchronous Clear  ; 20    ;
; Number of registers using Synchronous Load   ; 5     ;
; Number of registers using Asynchronous Clear ; 49    ;
; Number of registers using Asynchronous Load  ; 0     ;
; Number of registers using Clock Enable       ; 37    ;
; Number of registers using Preset             ; 0     ;
+----------------------------------------------+-------+


+--------------------------------------------------+
; Inverted Register Statistics                     ;
+----------------------------------------+---------+
; Inverted Register                      ; Fan out ;
+----------------------------------------+---------+
; LCD_DISPLAY_nty:a8|lcd_e               ; 2       ;
; LCD_DISPLAY_nty:a8|data_bus_value[3]   ; 2       ;
; LCD_DISPLAY_nty:a8|data_bus_value[4]   ; 1       ;
; LCD_DISPLAY_nty:a8|data_bus_value[5]   ; 1       ;
; Total number of inverted registers = 4 ;         ;
+----------------------------------------+---------+


+-----------------------------------------------------------------------------------------------------------------------------------------------------------+
; Multiplexer Restructuring Statistics (Restructuring Performed)                                                                                            ;
+--------------------+-----------+---------------+----------------------+------------------------+------------+---------------------------------------------+
; Multiplexer Inputs ; Bus Width ; Baseline Area ; Area if Restructured ; Saving if Restructured ; Registered ; Example Multiplexer Output                  ;
+--------------------+-----------+---------------+----------------------+------------------------+------------+---------------------------------------------+
; 3:1                ; 4 bits    ; 8 LEs         ; 4 LEs                ; 4 LEs                  ; Yes        ; |main|estado0[1]                            ;
; 3:1                ; 4 bits    ; 8 LEs         ; 4 LEs                ; 4 LEs                  ; Yes        ; |main|estado1[3]                            ;
; 3:1                ; 4 bits    ; 8 LEs         ; 4 LEs                ; 4 LEs                  ; Yes        ; |main|estado2[3]                            ;
; 3:1                ; 20 bits   ; 40 LEs        ; 20 LEs               ; 20 LEs                 ; Yes        ; |main|LCD_DISPLAY_nty:a8|clk_count_400hz[3] ;
; 5:1                ; 2 bits    ; 6 LEs         ; 6 LEs                ; 0 LEs                  ; Yes        ; |main|LCD_DISPLAY_nty:a8|data_bus_value[4]  ;
; 3:1                ; 11 bits   ; 22 LEs        ; 22 LEs               ; 0 LEs                  ; No         ; |main|LCD_DISPLAY_nty:a8|state              ;
; 3:1                ; 3 bits    ; 6 LEs         ; 3 LEs                ; 3 LEs                  ; No         ; |main|LCD_DISPLAY_nty:a8|next_command       ;
+--------------------+-----------+---------------+----------------------+------------------------+------------+---------------------------------------------+


+----------------------------------------+
; Port Connectivity Checks: "disp:a7"    ;
+------+-------+----------+--------------+
; Port ; Type  ; Severity ; Details      ;
+------+-------+----------+--------------+
; a    ; Input ; Info     ; Stuck at GND ;
+------+-------+----------+--------------+


+----------------------------------------+
; Port Connectivity Checks: "disp:a6"    ;
+------+-------+----------+--------------+
; Port ; Type  ; Severity ; Details      ;
+------+-------+----------+--------------+
; a    ; Input ; Info     ; Stuck at GND ;
+------+-------+----------+--------------+


+----------------------------------------+
; Port Connectivity Checks: "disp:a5"    ;
+------+-------+----------+--------------+
; Port ; Type  ; Severity ; Details      ;
+------+-------+----------+--------------+
; a    ; Input ; Info     ; Stuck at GND ;
+------+-------+----------+--------------+


+----------------------------------------+
; Port Connectivity Checks: "disp:a4"    ;
+------+-------+----------+--------------+
; Port ; Type  ; Severity ; Details      ;
+------+-------+----------+--------------+
; a    ; Input ; Info     ; Stuck at GND ;
+------+-------+----------+--------------+


+-------------------------------+
; Elapsed Time Per Partition    ;
+----------------+--------------+
; Partition Name ; Elapsed Time ;
+----------------+--------------+
; Top            ; 00:00:01     ;
+----------------+--------------+


+-------------------------------+
; Analysis & Synthesis Messages ;
+-------------------------------+
Info: *******************************************************************
Info: Running Quartus II 64-Bit Analysis & Synthesis
    Info: Version 13.0.1 Build 232 06/12/2013 Service Pack 1 SJ Web Edition
    Info: Processing started: Fri Oct 11 16:53:39 2019
Info: Command: quartus_map --read_settings_files=on --write_settings_files=off main -c main
Warning (20028): Parallel compilation is not licensed and has been disabled
Info (12021): Found 2 design units, including 1 entities, in source file main.vhd
    Info (12022): Found design unit 1: main-arch_dispyy
    Info (12023): Found entity 1: main
Warning (12019): Can't analyze file -- file output_files/main1.vhd is missing
Info (12127): Elaborating entity "main" for the top level hierarchy
Warning (10540): VHDL Signal Declaration warning at main.vhd(79): used explicit default value for signal "sSelect" because signal was never assigned a value
Warning (10492): VHDL Process Statement warning at main.vhd(104): signal "SW" is read inside the Process Statement but isn't in the Process Statement's sensitivity list
Warning (10492): VHDL Process Statement warning at main.vhd(105): signal "SW" is read inside the Process Statement but isn't in the Process Statement's sensitivity list
Warning (10492): VHDL Process Statement warning at main.vhd(106): signal "SW" is read inside the Process Statement but isn't in the Process Statement's sensitivity list
Warning (10492): VHDL Process Statement warning at main.vhd(107): signal "SW" is read inside the Process Statement but isn't in the Process Statement's sensitivity list
Warning (10492): VHDL Process Statement warning at main.vhd(108): signal "SW" is read inside the Process Statement but isn't in the Process Statement's sensitivity list
Warning (10492): VHDL Process Statement warning at main.vhd(109): signal "SW" is read inside the Process Statement but isn't in the Process Statement's sensitivity list
Warning (10492): VHDL Process Statement warning at main.vhd(110): signal "SW" is read inside the Process Statement but isn't in the Process Statement's sensitivity list
Warning (10492): VHDL Process Statement warning at main.vhd(111): signal "SW" is read inside the Process Statement but isn't in the Process Statement's sensitivity list
Warning (10492): VHDL Process Statement warning at main.vhd(112): signal "SW" is read inside the Process Statement but isn't in the Process Statement's sensitivity list
Warning (10492): VHDL Process Statement warning at main.vhd(113): signal "SW" is read inside the Process Statement but isn't in the Process Statement's sensitivity list
Warning (10492): VHDL Process Statement warning at main.vhd(114): signal "SW" is read inside the Process Statement but isn't in the Process Statement's sensitivity list
Warning (10492): VHDL Process Statement warning at main.vhd(115): signal "SW" is read inside the Process Statement but isn't in the Process Statement's sensitivity list
Warning (10492): VHDL Process Statement warning at main.vhd(116): signal "SW" is read inside the Process Statement but isn't in the Process Statement's sensitivity list
Warning (10492): VHDL Process Statement warning at main.vhd(117): signal "SW" is read inside the Process Statement but isn't in the Process Statement's sensitivity list
Warning (10492): VHDL Process Statement warning at main.vhd(118): signal "SW" is read inside the Process Statement but isn't in the Process Statement's sensitivity list
Warning (10492): VHDL Process Statement warning at main.vhd(119): signal "SW" is read inside the Process Statement but isn't in the Process Statement's sensitivity list
Warning (10492): VHDL Process Statement warning at main.vhd(120): signal "SW" is read inside the Process Statement but isn't in the Process Statement's sensitivity list
Warning (10492): VHDL Process Statement warning at main.vhd(121): signal "SW" is read inside the Process Statement but isn't in the Process Statement's sensitivity list
Warning (10492): VHDL Process Statement warning at main.vhd(134): signal "KEY" is read inside the Process Statement but isn't in the Process Statement's sensitivity list
Warning (10492): VHDL Process Statement warning at main.vhd(146): signal "KEY" is read inside the Process Statement but isn't in the Process Statement's sensitivity list
Warning (10631): VHDL Process Statement warning at main.vhd(125): inferring latch(es) for signal or variable "ii", which holds its previous value in one or more paths through the process
Warning (10631): VHDL Process Statement warning at main.vhd(125): inferring latch(es) for signal or variable "aa", which holds its previous value in one or more paths through the process
Warning (10631): VHDL Process Statement warning at main.vhd(125): inferring latch(es) for signal or variable "LEDG", which holds its previous value in one or more paths through the process
Warning (10492): VHDL Process Statement warning at main.vhd(166): signal "saa" is read inside the Process Statement but isn't in the Process Statement's sensitivity list
Warning (10492): VHDL Process Statement warning at main.vhd(197): signal "saa" is read inside the Process Statement but isn't in the Process Statement's sensitivity list
Warning (10631): VHDL Process Statement warning at main.vhd(158): inferring latch(es) for signal or variable "int", which holds its previous value in one or more paths through the process
Warning (10631): VHDL Process Statement warning at main.vhd(158): inferring latch(es) for signal or variable "int1", which holds its previous value in one or more paths through the process
Warning (10631): VHDL Process Statement warning at main.vhd(158): inferring latch(es) for signal or variable "int2", which holds its previous value in one or more paths through the process
Warning (10631): VHDL Process Statement warning at main.vhd(158): inferring latch(es) for signal or variable "int3", which holds its previous value in one or more paths through the process
Info (10041): Inferred latch for "int3[0]" at main.vhd(158)
Info (10041): Inferred latch for "int3[1]" at main.vhd(158)
Info (10041): Inferred latch for "int3[2]" at main.vhd(158)
Info (10041): Inferred latch for "int3[3]" at main.vhd(158)
Info (10041): Inferred latch for "int2[0]" at main.vhd(158)
Info (10041): Inferred latch for "int2[1]" at main.vhd(158)
Info (10041): Inferred latch for "int2[2]" at main.vhd(158)
Info (10041): Inferred latch for "int2[3]" at main.vhd(158)
Info (10041): Inferred latch for "int1[0]" at main.vhd(158)
Info (10041): Inferred latch for "int1[1]" at main.vhd(158)
Info (10041): Inferred latch for "int1[2]" at main.vhd(158)
Info (10041): Inferred latch for "int1[3]" at main.vhd(158)
Info (10041): Inferred latch for "int[0]" at main.vhd(158)
Info (10041): Inferred latch for "int[1]" at main.vhd(158)
Info (10041): Inferred latch for "int[2]" at main.vhd(158)
Info (10041): Inferred latch for "int[3]" at main.vhd(158)
Info (10041): Inferred latch for "LEDG[0]" at main.vhd(125)
Info (10041): Inferred latch for "LEDG[1]" at main.vhd(125)
Info (10041): Inferred latch for "LEDG[2]" at main.vhd(125)
Info (10041): Inferred latch for "LEDG[3]" at main.vhd(125)
Info (10041): Inferred latch for "LEDG[4]" at main.vhd(125)
Info (10041): Inferred latch for "LEDG[5]" at main.vhd(125)
Info (10041): Inferred latch for "LEDG[6]" at main.vhd(125)
Info (10041): Inferred latch for "LEDG[7]" at main.vhd(125)
Info (10041): Inferred latch for "LEDG[8]" at main.vhd(125)
Info (10041): Inferred latch for "aa" at main.vhd(145)
Info (10041): Inferred latch for "ii" at main.vhd(145)
Warning (12125): Using design file disp.vhd, which is not specified as a design file for the current project, but contains definitions for 2 design units and 1 entities in project
    Info (12022): Found design unit 1: disp-display
    Info (12023): Found entity 1: disp
Info (12128): Elaborating entity "disp" for hierarchy "disp:a0"
Warning (12125): Using design file lcd_display_nty.vhd, which is not specified as a design file for the current project, but contains definitions for 2 design units and 1 entities in project
    Info (12022): Found design unit 1: LCD_DISPLAY_nty-LCD_DISPLAY_arch
    Info (12023): Found entity 1: LCD_DISPLAY_nty
Info (12128): Elaborating entity "LCD_DISPLAY_nty" for hierarchy "LCD_DISPLAY_nty:a8"
Warning (10492): VHDL Process Statement warning at lcd_display_nty.vhd(118): signal "lcd_display_string_01" is read inside the Process Statement but isn't in the Process Statement's sensitivity list
Warning (10492): VHDL Process Statement warning at lcd_display_nty.vhd(118): signal "char_count" is read inside the Process Statement but isn't in the Process Statement's sensitivity list
Warning (10492): VHDL Process Statement warning at lcd_display_nty.vhd(121): signal "lcd_display_string_00" is read inside the Process Statement but isn't in the Process Statement's sensitivity list
Warning (10492): VHDL Process Statement warning at lcd_display_nty.vhd(121): signal "char_count" is read inside the Process Statement but isn't in the Process Statement's sensitivity list
Info (13025): Duplicate LATCH primitives merged into single LATCH primitive
    Info (13026): Duplicate LATCH primitive "LEDG[8]$latch" merged with LATCH primitive "LEDG[0]$latch"
    Info (13026): Duplicate LATCH primitive "LEDG[7]$latch" merged with LATCH primitive "LEDG[0]$latch"
    Info (13026): Duplicate LATCH primitive "LEDG[6]$latch" merged with LATCH primitive "LEDG[0]$latch"
    Info (13026): Duplicate LATCH primitive "LEDG[5]$latch" merged with LATCH primitive "LEDG[0]$latch"
    Info (13026): Duplicate LATCH primitive "LEDG[4]$latch" merged with LATCH primitive "LEDG[0]$latch"
    Info (13026): Duplicate LATCH primitive "LEDG[3]$latch" merged with LATCH primitive "LEDG[0]$latch"
    Info (13026): Duplicate LATCH primitive "LEDG[2]$latch" merged with LATCH primitive "LEDG[0]$latch"
    Info (13026): Duplicate LATCH primitive "LEDG[1]$latch" merged with LATCH primitive "LEDG[0]$latch"
    Info (13026): Duplicate LATCH primitive "ii" merged with LATCH primitive "LEDG[0]$latch"
Warning (13012): Latch LEDG[0]$latch has unsafe behavior
    Warning (13013): Ports D and ENA on the latch are fed by the same signal KEY[1]
Warning (13012): Latch aa has unsafe behavior
    Warning (13013): Ports ENA and CLR on the latch are fed by the same signal aa
Info (13000): Registers with preset signals will power-up high
Info (13003): DEV_CLRn pin will set, and not reset, register with preset signal due to NOT Gate Push-Back
Warning (13009): TRI or OPNDRN buffers permanently enabled
    Warning (13010): Node "LCD_DISPLAY_nty:a8|data_bus[0]"
    Warning (13010): Node "LCD_DISPLAY_nty:a8|data_bus[1]"
    Warning (13010): Node "LCD_DISPLAY_nty:a8|data_bus[2]"
    Warning (13010): Node "LCD_DISPLAY_nty:a8|data_bus[3]"
    Warning (13010): Node "LCD_DISPLAY_nty:a8|data_bus[4]"
    Warning (13010): Node "LCD_DISPLAY_nty:a8|data_bus[5]"
    Warning (13010): Node "LCD_DISPLAY_nty:a8|data_bus[6]"
    Warning (13010): Node "LCD_DISPLAY_nty:a8|data_bus[7]"
Warning (13024): Output pins are stuck at VCC or GND
    Warning (13410): Pin "HEX4[0]" is stuck at GND
    Warning (13410): Pin "HEX4[1]" is stuck at GND
    Warning (13410): Pin "HEX4[2]" is stuck at GND
    Warning (13410): Pin "HEX4[3]" is stuck at GND
    Warning (13410): Pin "HEX4[4]" is stuck at GND
    Warning (13410): Pin "HEX4[5]" is stuck at GND
    Warning (13410): Pin "HEX4[6]" is stuck at VCC
    Warning (13410): Pin "HEX5[0]" is stuck at GND
    Warning (13410): Pin "HEX5[1]" is stuck at GND
    Warning (13410): Pin "HEX5[2]" is stuck at GND
    Warning (13410): Pin "HEX5[3]" is stuck at GND
    Warning (13410): Pin "HEX5[4]" is stuck at GND
    Warning (13410): Pin "HEX5[5]" is stuck at GND
    Warning (13410): Pin "HEX5[6]" is stuck at VCC
    Warning (13410): Pin "HEX6[0]" is stuck at GND
    Warning (13410): Pin "HEX6[1]" is stuck at GND
    Warning (13410): Pin "HEX6[2]" is stuck at GND
    Warning (13410): Pin "HEX6[3]" is stuck at GND
    Warning (13410): Pin "HEX6[4]" is stuck at GND
    Warning (13410): Pin "HEX6[5]" is stuck at GND
    Warning (13410): Pin "HEX6[6]" is stuck at VCC
    Warning (13410): Pin "HEX7[0]" is stuck at GND
    Warning (13410): Pin "HEX7[1]" is stuck at GND
    Warning (13410): Pin "HEX7[2]" is stuck at GND
    Warning (13410): Pin "HEX7[3]" is stuck at GND
    Warning (13410): Pin "HEX7[4]" is stuck at GND
    Warning (13410): Pin "HEX7[5]" is stuck at GND
    Warning (13410): Pin "HEX7[6]" is stuck at VCC
    Warning (13410): Pin "LCD_RW" is stuck at GND
    Warning (13410): Pin "LCD_ON" is stuck at VCC
    Warning (13410): Pin "LCD_BLON" is stuck at VCC
Info (16010): Generating hard_block partition "hard_block:auto_generated_inst"
    Info (16011): Adding 0 node(s), including 0 DDIO, 0 PLL, 0 transceiver and 0 LCELL
Warning (21074): Design contains 2 input pin(s) that do not drive logic
    Warning (15610): No output dependent on input pin "EXT_CLOCK"
    Warning (15610): No output dependent on input pin "KEY[2]"
Info (21057): Implemented 401 device resources after synthesis - the final resource count might be different
    Info (21058): Implemented 25 input pins
    Info (21059): Implemented 88 output pins
    Info (21060): Implemented 8 bidirectional pins
    Info (21061): Implemented 280 logic cells
Info: Quartus II 64-Bit Analysis & Synthesis was successful. 0 errors, 86 warnings
    Info: Peak virtual memory: 4661 megabytes
    Info: Processing ended: Fri Oct 11 16:53:44 2019
    Info: Elapsed time: 00:00:05
    Info: Total CPU time (on all processors): 00:00:04


